# JRE version: OpenJDK Runtime Environment (17.0.10) (build 17.0.10+0--11572160)
# Java VM: OpenJDK 64-Bit Server VM (17.0.10+0--11572160, mixed mode, tiered, compressed oops, compressed class ptrs, g1 gc, windows-amd64)
GC Precious Log:
 CPUs: 20 total, 20 available
 Memory: 16003M
 Large Page Support: Disabled
 NUMA Support: Disabled
 Compressed Oops: Enabled (32-bit)
 Heap Region Size: 1M
 Heap Min Capacity: 8M
 Heap Initial Capacity: 252M
 Heap Max Capacity: 2G
 Pre-touch: Disabled
 Parallel Workers: 15
 Concurrent Workers: 4
 Concurrent Refinement Workers: 15
 Periodic GC: Disabled
Heap:
 garbage-first heap   total 207872K, used 110987K [0x0000000080000000, 0x0000000100000000)
  region size 1024K, 4 young (4096K), 1 survivors (1024K)
 Metaspace       used 88603K, committed 89280K, reserved 1179648K
  class space    used 11800K, committed 12096K, reserved 1048576K
GC Heap History (20 events):
Event: 8.439 GC heap before
{Heap before GC invocations=27 (full 0):
 garbage-first heap   total 147456K, used 113669K [0x0000000080000000, 0x0000000100000000)
  region size 1024K, 50 young (51200K), 6 survivors (6144K)
 Metaspace       used 74176K, committed 74816K, reserved 1114112K
  class space    used 10009K, committed 10304K, reserved 1048576K
}
Event: 8.444 GC heap after
{Heap after GC invocations=28 (full 0):
 garbage-first heap   total 147456K, used 75335K [0x0000000080000000, 0x0000000100000000)
  region size 1024K, 7 young (7168K), 7 survivors (7168K)
 Metaspace       used 74176K, committed 74816K, reserved 1114112K
  class space    used 10009K, committed 10304K, reserved 1048576K
}
Event: 8.604 GC heap before
{Heap before GC invocations=28 (full 0):
 garbage-first heap   total 147456K, used 114247K [0x0000000080000000, 0x0000000100000000)
  region size 1024K, 46 young (47104K), 7 survivors (7168K)
 Metaspace       used 74647K, committed 75264K, reserved 1179648K
  class space    used 10033K, committed 10304K, reserved 1048576K
}
Event: 8.607 GC heap after
{Heap after GC invocations=29 (full 0):
 garbage-first heap   total 147456K, used 79768K [0x0000000080000000, 0x0000000100000000)
  region size 1024K, 5 young (5120K), 5 survivors (5120K)
 Metaspace       used 74647K, committed 75264K, reserved 1179648K
  class space    used 10033K, committed 10304K, reserved 1048576K
}
Event: 8.935 GC heap before
{Heap before GC invocations=30 (full 0):
 garbage-first heap   total 147456K, used 129944K [0x0000000080000000, 0x0000000100000000)
  region size 1024K, 41 young (41984K), 5 survivors (5120K)
 Metaspace       used 75640K, committed 76288K, reserved 1179648K
  class space    used 10181K, committed 10496K, reserved 1048576K
}
Event: 8.938 GC heap after
{Heap after GC invocations=31 (full 0):
 garbage-first heap   total 147456K, used 99730K [0x0000000080000000, 0x0000000100000000)
  region size 1024K, 6 young (6144K), 6 survivors (6144K)
 Metaspace       used 75640K, committed 76288K, reserved 1179648K
  class space    used 10181K, committed 10496K, reserved 1048576K
}
Event: 8.942 GC heap before
{Heap before GC invocations=31 (full 0):
 garbage-first heap   total 147456K, used 99730K [0x0000000080000000, 0x0000000100000000)
  region size 1024K, 7 young (7168K), 6 survivors (6144K)
 Metaspace       used 75732K, committed 76416K, reserved 1179648K
  class space    used 10181K, committed 10496K, reserved 1048576K
}
Event: 8.945 GC heap after
{Heap after GC invocations=32 (full 0):
 garbage-first heap   total 147456K, used 98979K [0x0000000080000000, 0x0000000100000000)
  region size 1024K, 1 young (1024K), 1 survivors (1024K)
 Metaspace       used 75732K, committed 76416K, reserved 1179648K
  class space    used 10181K, committed 10496K, reserved 1048576K
}
Event: 8.974 GC heap before
{Heap before GC invocations=32 (full 0):
 garbage-first heap   total 147456K, used 102051K [0x0000000080000000, 0x0000000100000000)
  region size 1024K, 6 young (6144K), 1 survivors (1024K)
 Metaspace       used 75966K, committed 76608K, reserved 1179648K
  class space    used 10202K, committed 10496K, reserved 1048576K
}
Event: 8.975 GC heap after
{Heap after GC invocations=33 (full 0):
 garbage-first heap   total 147456K, used 99299K [0x0000000080000000, 0x0000000100000000)
  region size 1024K, 1 young (1024K), 1 survivors (1024K)
 Metaspace       used 75966K, committed 76608K, reserved 1179648K
  class space    used 10202K, committed 10496K, reserved 1048576K
}
Event: 9.131 GC heap before
{Heap before GC invocations=34 (full 0):
 garbage-first heap   total 173056K, used 120803K [0x0000000080000000, 0x0000000100000000)
  region size 1024K, 22 young (22528K), 1 survivors (1024K)
 Metaspace       used 77580K, committed 78272K, reserved 1179648K
  class space    used 10431K, committed 10752K, reserved 1048576K
}
Event: 9.133 GC heap after
{Heap after GC invocations=35 (full 0):
 garbage-first heap   total 173056K, used 100900K [0x0000000080000000, 0x0000000100000000)
  region size 1024K, 2 young (2048K), 2 survivors (2048K)
 Metaspace       used 77580K, committed 78272K, reserved 1179648K
  class space    used 10431K, committed 10752K, reserved 1048576K
}
Event: 9.167 GC heap before
{Heap before GC invocations=35 (full 0):
 garbage-first heap   total 173056K, used 106020K [0x0000000080000000, 0x0000000100000000)
  region size 1024K, 8 young (8192K), 2 survivors (2048K)
 Metaspace       used 78019K, committed 78656K, reserved 1179648K
  class space    used 10490K, committed 10816K, reserved 1048576K
}
Event: 9.169 GC heap after
{Heap after GC invocations=36 (full 0):
 garbage-first heap   total 207872K, used 100513K [0x0000000080000000, 0x0000000100000000)
  region size 1024K, 1 young (1024K), 1 survivors (1024K)
 Metaspace       used 78019K, committed 78656K, reserved 1179648K
  class space    used 10490K, committed 10816K, reserved 1048576K
}
Event: 9.602 GC heap before
{Heap before GC invocations=36 (full 0):
 garbage-first heap   total 207872K, used 164001K [0x0000000080000000, 0x0000000100000000)
  region size 1024K, 63 young (64512K), 1 survivors (1024K)
 Metaspace       used 84549K, committed 85248K, reserved 1179648K
  class space    used 11254K, committed 11584K, reserved 1048576K
}
Event: 9.606 GC heap after
{Heap after GC invocations=37 (full 0):
 garbage-first heap   total 207872K, used 102861K [0x0000000080000000, 0x0000000100000000)
  region size 1024K, 3 young (3072K), 3 survivors (3072K)
 Metaspace       used 84549K, committed 85248K, reserved 1179648K
  class space    used 11254K, committed 11584K, reserved 1048576K
}
Event: 9.970 GC heap before
{Heap before GC invocations=38 (full 0):
 garbage-first heap   total 207872K, used 172493K [0x0000000080000000, 0x0000000100000000)
  region size 1024K, 66 young (67584K), 3 survivors (3072K)
 Metaspace       used 88256K, committed 88896K, reserved 1179648K
  class space    used 11750K, committed 12032K, reserved 1048576K
}
Event: 9.975 GC heap after
{Heap after GC invocations=39 (full 0):
 garbage-first heap   total 207872K, used 108843K [0x0000000080000000, 0x0000000100000000)
  region size 1024K, 8 young (8192K), 8 survivors (8192K)
 Metaspace       used 88256K, committed 88896K, reserved 1179648K
  class space    used 11750K, committed 12032K, reserved 1048576K
}
Event: 9.996 GC heap before
{Heap before GC invocations=39 (full 0):
 garbage-first heap   total 207872K, used 110891K [0x0000000080000000, 0x0000000100000000)
  region size 1024K, 10 young (10240K), 8 survivors (8192K)
 Metaspace       used 88417K, committed 89088K, reserved 1179648K
  class space    used 11761K, committed 12096K, reserved 1048576K
}
Event: 9.999 GC heap after
{Heap after GC invocations=40 (full 0):
 garbage-first heap   total 207872K, used 108939K [0x0000000080000000, 0x0000000100000000)
  region size 1024K, 1 young (1024K), 1 survivors (1024K)
 Metaspace       used 88417K, committed 89088K, reserved 1179648K
  class space    used 11761K, committed 12096K, reserved 1048576K
}

